<?xml version="1.0" encoding="UTF-8"?>
<coverage generated="1655080623043" clover="3.2.0">
  <project timestamp="1655080623043" name="All files">
    <metrics statements="6" coveredstatements="5" conditionals="0" coveredconditionals="0" methods="3" coveredmethods="2" elements="9" coveredelements="7" complexity="0" loc="6" ncloc="6" packages="2" files="3" classes="3"/>
    <package name="assets">
      <metrics statements="1" coveredstatements="1" conditionals="0" coveredconditionals="0" methods="0" coveredmethods="0"/>
      <file name="profile-picture.png" path="/Users/ryan/Desktop/Udemy/Vue-TypeScript-Jest/projects/job-search/src/assets/profile-picture.png">
        <metrics statements="1" coveredstatements="1" conditionals="0" coveredconditionals="0" methods="0" coveredmethods="0"/>
        <line num="1" count="1" type="stmt"/>
      </file>
    </package>
    <package name="components">
      <metrics statements="5" coveredstatements="4" conditionals="0" coveredconditionals="0" methods="3" coveredmethods="2"/>
      <file name="ActionButton.vue" path="/Users/ryan/Desktop/Udemy/Vue-TypeScript-Jest/projects/job-search/src/components/ActionButton.vue">
        <metrics statements="3" coveredstatements="2" conditionals="0" coveredconditionals="0" methods="2" coveredmethods="1"/>
        <line num="8" count="2" type="stmt"/>
        <line num="21" count="7" type="stmt"/>
        <line num="27" count="0" type="stmt"/>
      </file>
      <file name="Subnav.vue" path="/Users/ryan/Desktop/Udemy/Vue-TypeScript-Jest/projects/job-search/src/components/Subnav.vue">
        <metrics statements="2" coveredstatements="2" conditionals="0" coveredconditionals="0" methods="1" coveredmethods="1"/>
        <line num="13" count="2" type="stmt"/>
        <line num="16" count="3" type="stmt"/>
      </file>
    </package>
  </project>
</coverage>
