<?xml version="1.0" encoding="UTF-8"?>
<coverage generated="1655504932631" clover="3.2.0">
  <project timestamp="1655504932631" name="All files">
    <metrics statements="35" coveredstatements="34" conditionals="2" coveredconditionals="2" methods="14" coveredmethods="13" elements="51" coveredelements="49" complexity="0" loc="35" ncloc="35" packages="7" files="10" classes="10"/>
    <package name="api">
      <metrics statements="4" coveredstatements="4" conditionals="0" coveredconditionals="0" methods="1" coveredmethods="1"/>
      <file name="getJobs.js" path="/Users/ryan/Desktop/Udemy/Vue-TypeScript-Jest/projects/job-search/src/api/getJobs.js">
        <metrics statements="4" coveredstatements="4" conditionals="0" coveredconditionals="0" methods="1" coveredmethods="1"/>
        <line num="3" count="3" type="stmt"/>
        <line num="4" count="2" type="stmt"/>
        <line num="5" count="2" type="stmt"/>
        <line num="7" count="2" type="stmt"/>
      </file>
    </package>
    <package name="assets">
      <metrics statements="1" coveredstatements="1" conditionals="0" coveredconditionals="0" methods="0" coveredmethods="0"/>
      <file name="profile-picture.png" path="/Users/ryan/Desktop/Udemy/Vue-TypeScript-Jest/projects/job-search/src/assets/profile-picture.png">
        <metrics statements="1" coveredstatements="1" conditionals="0" coveredconditionals="0" methods="0" coveredmethods="0"/>
        <line num="1" count="2" type="stmt"/>
      </file>
    </package>
    <package name="components.JobResults">
      <metrics statements="2" coveredstatements="2" conditionals="0" coveredconditionals="0" methods="1" coveredmethods="1"/>
      <file name="JobListing.vue" path="/Users/ryan/Desktop/Udemy/Vue-TypeScript-Jest/projects/job-search/src/components/JobResults/JobListing.vue">
        <metrics statements="2" coveredstatements="2" conditionals="0" coveredconditionals="0" methods="1" coveredmethods="1"/>
        <line num="45" count="2" type="stmt"/>
        <line num="55" count="5" type="stmt"/>
      </file>
    </package>
    <package name="components.Shared">
      <metrics statements="10" coveredstatements="9" conditionals="2" coveredconditionals="2" methods="6" coveredmethods="5"/>
      <file name="Accordion.vue" path="/Users/ryan/Desktop/Udemy/Vue-TypeScript-Jest/projects/job-search/src/components/Shared/Accordion.vue">
        <metrics statements="4" coveredstatements="4" conditionals="2" coveredconditionals="2" methods="3" coveredmethods="3"/>
        <line num="21" count="1" type="stmt"/>
        <line num="30" count="2" type="stmt"/>
        <line num="36" count="4" type="cond" truecount="2" falsecount="0"/>
        <line num="41" count="2" type="stmt"/>
      </file>
      <file name="ActionButton.vue" path="/Users/ryan/Desktop/Udemy/Vue-TypeScript-Jest/projects/job-search/src/components/Shared/ActionButton.vue">
        <metrics statements="3" coveredstatements="2" conditionals="0" coveredconditionals="0" methods="2" coveredmethods="1"/>
        <line num="8" count="3" type="stmt"/>
        <line num="21" count="7" type="stmt"/>
        <line num="27" count="0" type="stmt"/>
      </file>
      <file name="HeaderContainer.vue" path="/Users/ryan/Desktop/Udemy/Vue-TypeScript-Jest/projects/job-search/src/components/Shared/HeaderContainer.vue">
        <metrics statements="1" coveredstatements="1" conditionals="0" coveredconditionals="0" methods="0" coveredmethods="0"/>
        <line num="11" count="1" type="stmt"/>
      </file>
      <file name="TextInput.vue" path="/Users/ryan/Desktop/Udemy/Vue-TypeScript-Jest/projects/job-search/src/components/Shared/TextInput.vue">
        <metrics statements="2" coveredstatements="2" conditionals="0" coveredconditionals="0" methods="1" coveredmethods="1"/>
        <line num="11" count="2" type="stmt"/>
        <line num="27" count="5" type="stmt"/>
      </file>
    </package>
    <package name="components.navigation">
      <metrics statements="2" coveredstatements="2" conditionals="0" coveredconditionals="0" methods="1" coveredmethods="1"/>
      <file name="Subnav.vue" path="/Users/ryan/Desktop/Udemy/Vue-TypeScript-Jest/projects/job-search/src/components/navigation/Subnav.vue">
        <metrics statements="2" coveredstatements="2" conditionals="0" coveredconditionals="0" methods="1" coveredmethods="1"/>
        <line num="13" count="2" type="stmt"/>
        <line num="17" count="2" type="stmt"/>
      </file>
    </package>
    <package name="store">
      <metrics statements="12" coveredstatements="12" conditionals="0" coveredconditionals="0" methods="4" coveredmethods="4"/>
      <file name="index.js" path="/Users/ryan/Desktop/Udemy/Vue-TypeScript-Jest/projects/job-search/src/store/index.js">
        <metrics statements="12" coveredstatements="12" conditionals="0" coveredconditionals="0" methods="4" coveredmethods="4"/>
        <line num="5" count="2" type="stmt"/>
        <line num="6" count="2" type="stmt"/>
        <line num="7" count="2" type="stmt"/>
        <line num="9" count="2" type="stmt"/>
        <line num="10" count="4" type="stmt"/>
        <line num="16" count="2" type="stmt"/>
        <line num="18" count="1" type="stmt"/>
        <line num="21" count="1" type="stmt"/>
        <line num="25" count="2" type="stmt"/>
        <line num="27" count="2" type="stmt"/>
        <line num="28" count="2" type="stmt"/>
        <line num="32" count="2" type="stmt"/>
      </file>
    </package>
    <package name="utils">
      <metrics statements="4" coveredstatements="4" conditionals="0" coveredconditionals="0" methods="1" coveredmethods="1"/>
      <file name="nextElementInList.js" path="/Users/ryan/Desktop/Udemy/Vue-TypeScript-Jest/projects/job-search/src/utils/nextElementInList.js">
        <metrics statements="4" coveredstatements="4" conditionals="0" coveredconditionals="0" methods="1" coveredmethods="1"/>
        <line num="1" count="2" type="stmt"/>
        <line num="2" count="5" type="stmt"/>
        <line num="3" count="5" type="stmt"/>
        <line num="5" count="5" type="stmt"/>
      </file>
    </package>
  </project>
</coverage>
