{"/Users/ryan/Desktop/Udemy/Vue-TypeScript-Jest/projects/job-search/src/api/getJobs.js": {"path":"/Users/ryan/Desktop/Udemy/Vue-TypeScript-Jest/projects/job-search/src/api/getJobs.js","statementMap":{"0":{"start":{"line":3,"column":16},"end":{"line":9,"column":1}},"1":{"start":{"line":4,"column":18},"end":{"line":4,"column":45}},"2":{"start":{"line":5,"column":19},"end":{"line":5,"column":53}},"3":{"start":{"line":6,"column":2},"end":{"line":6,"column":23}},"4":{"start":{"line":8,"column":2},"end":{"line":8,"column":23}}},"fnMap":{"0":{"name":"(anonymous_0)","decl":{"start":{"line":3,"column":16},"end":{"line":3,"column":17}},"loc":{"start":{"line":3,"column":28},"end":{"line":9,"column":1}},"line":3}},"branchMap":{},"s":{"0":1,"1":2,"2":2,"3":2,"4":2},"f":{"0":2},"b":{},"_coverageSchema":"1a1c01bbd47fc00a2c39e90264f33305004495a9","hash":"970bf6ded211cf59f3911143abeb386295d2fa34"}
,"/Users/ryan/Desktop/Udemy/Vue-TypeScript-Jest/projects/job-search/src/assets/profile-picture.png": {"path":"/Users/ryan/Desktop/Udemy/Vue-TypeScript-Jest/projects/job-search/src/assets/profile-picture.png","statementMap":{"0":{"start":{"line":1,"column":0},"end":{"line":1,"column":19}}},"fnMap":{},"branchMap":{},"s":{"0":2},"f":{},"b":{},"_coverageSchema":"1a1c01bbd47fc00a2c39e90264f33305004495a9","hash":"4bae690ec49115125a1f1352d467e27d9cd09e2f"}
,"/Users/ryan/Desktop/Udemy/Vue-TypeScript-Jest/projects/job-search/src/components/JobResults/JobListing.vue": {"path":"/Users/ryan/Desktop/Udemy/Vue-TypeScript-Jest/projects/job-search/src/components/JobResults/JobListing.vue","statementMap":{"0":{"start":{"line":45,"column":15},"end":{"line":45,"column":null}},"1":{"start":{"line":55,"column":6},"end":{"line":55,"column":14}}},"fnMap":{"0":{"name":"(anonymous_0)","decl":{"start":{"line":54,"column":4},"end":{"line":54,"column":15}},"loc":{"start":{"line":54,"column":18},"end":{"line":56,"column":null}}}},"branchMap":{},"s":{"0":2,"1":5},"f":{"0":5},"b":{}}
,"/Users/ryan/Desktop/Udemy/Vue-TypeScript-Jest/projects/job-search/src/components/Shared/ActionButton.vue": {"path":"/Users/ryan/Desktop/Udemy/Vue-TypeScript-Jest/projects/job-search/src/components/Shared/ActionButton.vue","statementMap":{"0":{"start":{"line":8,"column":15},"end":{"line":8,"column":null}},"1":{"start":{"line":21,"column":8},"end":{"line":21,"column":15}},"2":{"start":{"line":27,"column":6},"end":{"line":27,"column":13}}},"fnMap":{"0":{"name":"(anonymous_0)","decl":{"start":{"line":19,"column":6},"end":{"line":19,"column":15}},"loc":{"start":{"line":19,"column":23},"end":{"line":22,"column":null}}},"1":{"name":"(anonymous_1)","decl":{"start":{"line":26,"column":4},"end":{"line":26,"column":15}},"loc":{"start":{"line":26,"column":18},"end":{"line":30,"column":null}}}},"branchMap":{},"s":{"0":3,"1":7,"2":0},"f":{"0":7,"1":0},"b":{}}
,"/Users/ryan/Desktop/Udemy/Vue-TypeScript-Jest/projects/job-search/src/components/Shared/TextInput.vue": {"path":"/Users/ryan/Desktop/Udemy/Vue-TypeScript-Jest/projects/job-search/src/components/Shared/TextInput.vue","statementMap":{"0":{"start":{"line":11,"column":15},"end":{"line":11,"column":null}},"1":{"start":{"line":27,"column":6},"end":{"line":27,"column":11}}},"fnMap":{"0":{"name":"(anonymous_0)","decl":{"start":{"line":26,"column":4},"end":{"line":26,"column":15}},"loc":{"start":{"line":26,"column":24},"end":{"line":28,"column":null}}}},"branchMap":{},"s":{"0":2,"1":5},"f":{"0":5},"b":{}}
,"/Users/ryan/Desktop/Udemy/Vue-TypeScript-Jest/projects/job-search/src/components/navigation/Subnav.vue": {"path":"/Users/ryan/Desktop/Udemy/Vue-TypeScript-Jest/projects/job-search/src/components/navigation/Subnav.vue","statementMap":{"0":{"start":{"line":13,"column":15},"end":{"line":13,"column":null}},"1":{"start":{"line":17,"column":6},"end":{"line":17,"column":13}}},"fnMap":{"0":{"name":"(anonymous_0)","decl":{"start":{"line":16,"column":4},"end":{"line":16,"column":20}},"loc":{"start":{"line":16,"column":23},"end":{"line":18,"column":null}}}},"branchMap":{},"s":{"0":2,"1":2},"f":{"0":2},"b":{}}
,"/Users/ryan/Desktop/Udemy/Vue-TypeScript-Jest/projects/job-search/src/store/index.js": {"path":"/Users/ryan/Desktop/Udemy/Vue-TypeScript-Jest/projects/job-search/src/store/index.js","statementMap":{"0":{"start":{"line":3,"column":26},"end":{"line":3,"column":38}},"1":{"start":{"line":5,"column":21},"end":{"line":9,"column":1}},"2":{"start":{"line":6,"column":2},"end":{"line":8,"column":4}},"3":{"start":{"line":11,"column":25},"end":{"line":15,"column":1}},"4":{"start":{"line":13,"column":4},"end":{"line":13,"column":28}},"5":{"start":{"line":17,"column":14},"end":{"line":21,"column":2}}},"fnMap":{"0":{"name":"(anonymous_0)","decl":{"start":{"line":5,"column":21},"end":{"line":5,"column":22}},"loc":{"start":{"line":5,"column":27},"end":{"line":9,"column":1}},"line":5},"1":{"name":"(anonymous_1)","decl":{"start":{"line":12,"column":2},"end":{"line":12,"column":3}},"loc":{"start":{"line":12,"column":22},"end":{"line":14,"column":3}},"line":12}},"branchMap":{},"s":{"0":1,"1":1,"2":2,"3":1,"4":1,"5":1},"f":{"0":2,"1":1},"b":{},"_coverageSchema":"1a1c01bbd47fc00a2c39e90264f33305004495a9","hash":"fb9e674ebd1a4c98aa2bf5214c6712d9cec42057"}
,"/Users/ryan/Desktop/Udemy/Vue-TypeScript-Jest/projects/job-search/src/utils/nextElementInList.js": {"path":"/Users/ryan/Desktop/Udemy/Vue-TypeScript-Jest/projects/job-search/src/utils/nextElementInList.js","statementMap":{"0":{"start":{"line":1,"column":26},"end":{"line":6,"column":1}},"1":{"start":{"line":2,"column":22},"end":{"line":2,"column":41}},"2":{"start":{"line":3,"column":19},"end":{"line":3,"column":50}},"3":{"start":{"line":5,"column":2},"end":{"line":5,"column":24}}},"fnMap":{"0":{"name":"(anonymous_0)","decl":{"start":{"line":1,"column":26},"end":{"line":1,"column":27}},"loc":{"start":{"line":1,"column":43},"end":{"line":6,"column":1}},"line":1}},"branchMap":{},"s":{"0":2,"1":5,"2":5,"3":5},"f":{"0":5},"b":{},"_coverageSchema":"1a1c01bbd47fc00a2c39e90264f33305004495a9","hash":"db5183c5f95f8952ae7203639e427a8c02259a49"}
}
