{"/Users/ryan/Desktop/Udemy/Vue-TypeScript-Jest/projects/job-search/src/api/getDegrees.ts": {"path":"/Users/ryan/Desktop/Udemy/Vue-TypeScript-Jest/projects/job-search/src/api/getDegrees.ts","statementMap":{"0":{"start":{"line":1,"column":0},"end":{"line":1,"column":null}},"1":{"start":{"line":5,"column":19},"end":{"line":10,"column":null}},"2":{"start":{"line":6,"column":18},"end":{"line":6,"column":null}},"3":{"start":{"line":7,"column":19},"end":{"line":7,"column":31}},"4":{"start":{"line":9,"column":2},"end":{"line":9,"column":9}},"5":{"start":{"line":12,"column":0},"end":{"line":12,"column":15}}},"fnMap":{"0":{"name":"(anonymous_1)","decl":{"start":{"line":5,"column":19},"end":{"line":5,"column":30}},"loc":{"start":{"line":5,"column":30},"end":{"line":10,"column":null}}}},"branchMap":{},"s":{"0":9,"1":9,"2":2,"3":2,"4":2,"5":9},"f":{"0":2},"b":{}}
,"/Users/ryan/Desktop/Udemy/Vue-TypeScript-Jest/projects/job-search/src/api/getJobs.ts": {"path":"/Users/ryan/Desktop/Udemy/Vue-TypeScript-Jest/projects/job-search/src/api/getJobs.ts","statementMap":{"0":{"start":{"line":1,"column":0},"end":{"line":1,"column":null}},"1":{"start":{"line":5,"column":16},"end":{"line":10,"column":null}},"2":{"start":{"line":6,"column":18},"end":{"line":6,"column":null}},"3":{"start":{"line":7,"column":19},"end":{"line":7,"column":31}},"4":{"start":{"line":9,"column":2},"end":{"line":9,"column":9}},"5":{"start":{"line":12,"column":0},"end":{"line":12,"column":15}}},"fnMap":{"0":{"name":"(anonymous_1)","decl":{"start":{"line":5,"column":16},"end":{"line":5,"column":27}},"loc":{"start":{"line":5,"column":27},"end":{"line":10,"column":null}}}},"branchMap":{},"s":{"0":9,"1":9,"2":2,"3":2,"4":2,"5":9},"f":{"0":2},"b":{}}
,"/Users/ryan/Desktop/Udemy/Vue-TypeScript-Jest/projects/job-search/src/assets/profile-picture.png": {"path":"/Users/ryan/Desktop/Udemy/Vue-TypeScript-Jest/projects/job-search/src/assets/profile-picture.png","statementMap":{"0":{"start":{"line":1,"column":0},"end":{"line":1,"column":19}}},"fnMap":{},"branchMap":{},"s":{"0":2},"f":{},"b":{},"_coverageSchema":"1a1c01bbd47fc00a2c39e90264f33305004495a9","hash":"4bae690ec49115125a1f1352d467e27d9cd09e2f"}
,"/Users/ryan/Desktop/Udemy/Vue-TypeScript-Jest/projects/job-search/src/components/JobResults/JobListing.vue": {"path":"/Users/ryan/Desktop/Udemy/Vue-TypeScript-Jest/projects/job-search/src/components/JobResults/JobListing.vue","statementMap":{"0":{"start":{"line":45,"column":0},"end":{"line":45,"column":null}},"1":{"start":{"line":48,"column":0},"end":{"line":48,"column":15}},"2":{"start":{"line":57,"column":24},"end":{"line":57,"column":33}},"3":{"start":{"line":57,"column":39},"end":{"line":57,"column":56}},"4":{"start":{"line":58,"column":4},"end":{"line":58,"column":11}}},"fnMap":{"0":{"name":"(anonymous_0)","decl":{"start":{"line":56,"column":7},"end":{"line":56,"column":8}},"loc":{"start":{"line":56,"column":13},"end":{"line":59,"column":null}}},"1":{"name":"(anonymous_1)","decl":{"start":{"line":57,"column":33},"end":{"line":57,"column":39}},"loc":{"start":{"line":57,"column":33},"end":{"line":57,"column":null}}}},"branchMap":{},"s":{"0":2,"1":2,"2":5,"3":5,"4":5},"f":{"0":5,"1":5},"b":{}}
,"/Users/ryan/Desktop/Udemy/Vue-TypeScript-Jest/projects/job-search/src/components/JobResults/JobListings.vue": {"path":"/Users/ryan/Desktop/Udemy/Vue-TypeScript-Jest/projects/job-search/src/components/JobResults/JobListings.vue","statementMap":{"0":{"start":{"line":36,"column":0},"end":{"line":36,"column":null}},"1":{"start":{"line":37,"column":0},"end":{"line":37,"column":null}},"2":{"start":{"line":39,"column":0},"end":{"line":39,"column":null}},"3":{"start":{"line":40,"column":0},"end":{"line":40,"column":null}},"4":{"start":{"line":41,"column":0},"end":{"line":41,"column":null}},"5":{"start":{"line":42,"column":0},"end":{"line":42,"column":null}},"6":{"start":{"line":44,"column":0},"end":{"line":44,"column":15}},"7":{"start":{"line":50,"column":4},"end":{"line":50,"column":14}},"8":{"start":{"line":52,"column":25},"end":{"line":52,"column":null}},"9":{"start":{"line":54,"column":24},"end":{"line":54,"column":null}},"10":{"start":{"line":56,"column":20},"end":{"line":56,"column":29}},"11":{"start":{"line":56,"column":35},"end":{"line":56,"column":39}},"12":{"start":{"line":58,"column":39},"end":{"line":58,"column":null}},"13":{"start":{"line":58,"column":24},"end":{"line":58,"column":26}},"14":{"start":{"line":58,"column":34},"end":{"line":58,"column":39}},"15":{"start":{"line":63,"column":26},"end":{"line":63,"column":35}},"16":{"start":{"line":64,"column":25},"end":{"line":64,"column":null}},"17":{"start":{"line":65,"column":25},"end":{"line":65,"column":null}},"18":{"start":{"line":66,"column":24},"end":{"line":66,"column":null}},"19":{"start":{"line":67,"column":6},"end":{"line":67,"column":13}},"20":{"start":{"line":70,"column":4},"end":{"line":70,"column":11}}},"fnMap":{"0":{"name":"(anonymous_1)","decl":{"start":{"line":49,"column":7},"end":{"line":49,"column":null}},"loc":{"start":{"line":49,"column":7},"end":{"line":71,"column":null}}},"1":{"name":"(anonymous_2)","decl":{"start":{"line":56,"column":29},"end":{"line":56,"column":35}},"loc":{"start":{"line":56,"column":29},"end":{"line":56,"column":null}}},"2":{"name":"(anonymous_3)","decl":{"start":{"line":63,"column":35},"end":{"line":63,"column":null}},"loc":{"start":{"line":63,"column":35},"end":{"line":68,"column":null}}}},"branchMap":{},"s":{"0":1,"1":1,"2":1,"3":1,"4":1,"5":1,"6":1,"7":7,"8":7,"9":7,"10":7,"11":0,"12":7,"13":7,"14":7,"15":7,"16":7,"17":7,"18":7,"19":7,"20":7},"f":{"0":7,"1":0,"2":7},"b":{}}
,"/Users/ryan/Desktop/Udemy/Vue-TypeScript-Jest/projects/job-search/src/components/JobResults/JobFiltersSidebar/JobFiltersSidebar.vue": {"path":"/Users/ryan/Desktop/Udemy/Vue-TypeScript-Jest/projects/job-search/src/components/JobResults/JobFiltersSidebar/JobFiltersSidebar.vue","statementMap":{"0":{"start":{"line":31,"column":0},"end":{"line":31,"column":null}},"1":{"start":{"line":32,"column":0},"end":{"line":32,"column":null}},"2":{"start":{"line":33,"column":0},"end":{"line":33,"column":null}},"3":{"start":{"line":34,"column":0},"end":{"line":34,"column":null}},"4":{"start":{"line":36,"column":0},"end":{"line":36,"column":null}},"5":{"start":{"line":37,"column":0},"end":{"line":37,"column":null}},"6":{"start":{"line":42,"column":0},"end":{"line":42,"column":15}},"7":{"start":{"line":50,"column":27},"end":{"line":50,"column":null}},"8":{"start":{"line":51,"column":32},"end":{"line":51,"column":null}},"9":{"start":{"line":53,"column":4},"end":{"line":53,"column":11}}},"fnMap":{"0":{"name":"(anonymous_1)","decl":{"start":{"line":49,"column":7},"end":{"line":49,"column":null}},"loc":{"start":{"line":49,"column":7},"end":{"line":59,"column":null}}}},"branchMap":{},"s":{"0":1,"1":1,"2":1,"3":1,"4":1,"5":1,"6":1,"7":2,"8":2,"9":2},"f":{"0":2},"b":{}}
,"/Users/ryan/Desktop/Udemy/Vue-TypeScript-Jest/projects/job-search/src/components/JobResults/JobFiltersSidebar/JobFiltersSidebarCheckboxGroup.vue": {"path":"/Users/ryan/Desktop/Udemy/Vue-TypeScript-Jest/projects/job-search/src/components/JobResults/JobFiltersSidebar/JobFiltersSidebarCheckboxGroup.vue","statementMap":{"0":{"start":{"line":26,"column":0},"end":{"line":26,"column":null}},"1":{"start":{"line":27,"column":0},"end":{"line":27,"column":null}},"2":{"start":{"line":28,"column":0},"end":{"line":28,"column":null}},"3":{"start":{"line":29,"column":0},"end":{"line":29,"column":null}},"4":{"start":{"line":31,"column":0},"end":{"line":31,"column":null}},"5":{"start":{"line":33,"column":0},"end":{"line":33,"column":null}},"6":{"start":{"line":35,"column":0},"end":{"line":35,"column":15}},"7":{"start":{"line":55,"column":18},"end":{"line":55,"column":27}},"8":{"start":{"line":56,"column":19},"end":{"line":56,"column":null}},"9":{"start":{"line":57,"column":27},"end":{"line":57,"column":41}},"10":{"start":{"line":59,"column":24},"end":{"line":62,"column":null}},"11":{"start":{"line":60,"column":6},"end":{"line":60,"column":11}},"12":{"start":{"line":61,"column":6},"end":{"line":61,"column":12}},"13":{"start":{"line":64,"column":4},"end":{"line":64,"column":11}}},"fnMap":{"0":{"name":"(anonymous_1)","decl":{"start":{"line":54,"column":2},"end":{"line":54,"column":7}},"loc":{"start":{"line":54,"column":13},"end":{"line":65,"column":null}}},"1":{"name":"(anonymous_2)","decl":{"start":{"line":59,"column":24},"end":{"line":59,"column":null}},"loc":{"start":{"line":59,"column":24},"end":{"line":62,"column":null}}}},"branchMap":{},"s":{"0":2,"1":2,"2":2,"3":2,"4":2,"5":2,"6":2,"7":3,"8":3,"9":3,"10":3,"11":2,"12":2,"13":3},"f":{"0":3,"1":2},"b":{}}
,"/Users/ryan/Desktop/Udemy/Vue-TypeScript-Jest/projects/job-search/src/components/JobSearch/Headline.vue": {"path":"/Users/ryan/Desktop/Udemy/Vue-TypeScript-Jest/projects/job-search/src/components/JobSearch/Headline.vue","statementMap":{"0":{"start":{"line":13,"column":0},"end":{"line":13,"column":null}},"1":{"start":{"line":14,"column":0},"end":{"line":14,"column":null}},"2":{"start":{"line":25,"column":0},"end":{"line":25,"column":15}},"3":{"start":{"line":28,"column":4},"end":{"line":28,"column":11}},"4":{"start":{"line":35,"column":6},"end":{"line":35,"column":15}},"5":{"start":{"line":39,"column":4},"end":{"line":39,"column":9}},"6":{"start":{"line":42,"column":4},"end":{"line":42,"column":17}},"7":{"start":{"line":45,"column":4},"end":{"line":45,"column":16}},"8":{"start":{"line":46,"column":6},"end":{"line":46,"column":11}},"9":{"start":{"line":47,"column":24},"end":{"line":47,"column":25}},"10":{"start":{"line":48,"column":8},"end":{"line":48,"column":12}}},"fnMap":{"0":{"name":"(anonymous_1)","decl":{"start":{"line":27,"column":2},"end":{"line":27,"column":6}},"loc":{"start":{"line":27,"column":2},"end":{"line":32,"column":null}}},"1":{"name":"(anonymous_2)","decl":{"start":{"line":34,"column":4},"end":{"line":34,"column":15}},"loc":{"start":{"line":34,"column":4},"end":{"line":36,"column":null}}},"2":{"name":"(anonymous_3)","decl":{"start":{"line":38,"column":9},"end":{"line":38,"column":null}},"loc":{"start":{"line":38,"column":9},"end":{"line":40,"column":null}}},"3":{"name":"(anonymous_4)","decl":{"start":{"line":41,"column":15},"end":{"line":41,"column":null}},"loc":{"start":{"line":41,"column":15},"end":{"line":43,"column":null}}},"4":{"name":"(anonymous_5)","decl":{"start":{"line":45,"column":16},"end":{"line":45,"column":null}},"loc":{"start":{"line":45,"column":16},"end":{"line":50,"column":null}}},"5":{"name":"(anonymous_6)","decl":{"start":{"line":46,"column":34},"end":{"line":46,"column":null}},"loc":{"start":{"line":46,"column":34},"end":{"line":49,"column":9}}}},"branchMap":{},"s":{"0":1,"1":1,"2":1,"3":4,"4":7,"5":4,"6":1,"7":4,"8":4,"9":3,"10":3},"f":{"0":4,"1":7,"2":4,"3":1,"4":4,"5":3},"b":{}}
,"/Users/ryan/Desktop/Udemy/Vue-TypeScript-Jest/projects/job-search/src/components/JobSearch/JobSearchForm.vue": {"path":"/Users/ryan/Desktop/Udemy/Vue-TypeScript-Jest/projects/job-search/src/components/JobSearch/JobSearchForm.vue","statementMap":{"0":{"start":{"line":35,"column":0},"end":{"line":35,"column":null}},"1":{"start":{"line":36,"column":0},"end":{"line":36,"column":null}},"2":{"start":{"line":37,"column":0},"end":{"line":37,"column":null}},"3":{"start":{"line":38,"column":0},"end":{"line":38,"column":null}},"4":{"start":{"line":39,"column":0},"end":{"line":39,"column":null}},"5":{"start":{"line":41,"column":0},"end":{"line":41,"column":15}},"6":{"start":{"line":48,"column":19},"end":{"line":48,"column":null}},"7":{"start":{"line":49,"column":17},"end":{"line":49,"column":21}},"8":{"start":{"line":50,"column":21},"end":{"line":50,"column":25}},"9":{"start":{"line":52,"column":25},"end":{"line":60,"column":null}},"10":{"start":{"line":53,"column":6},"end":{"line":53,"column":12}},"11":{"start":{"line":61,"column":4},"end":{"line":61,"column":11}}},"fnMap":{"0":{"name":"(anonymous_1)","decl":{"start":{"line":47,"column":7},"end":{"line":47,"column":null}},"loc":{"start":{"line":47,"column":7},"end":{"line":62,"column":null}}},"1":{"name":"(anonymous_2)","decl":{"start":{"line":52,"column":25},"end":{"line":52,"column":null}},"loc":{"start":{"line":52,"column":25},"end":{"line":60,"column":null}}}},"branchMap":{},"s":{"0":1,"1":1,"2":1,"3":1,"4":1,"5":1,"6":1,"7":1,"8":1,"9":1,"10":1,"11":1},"f":{"0":1,"1":1},"b":{}}
,"/Users/ryan/Desktop/Udemy/Vue-TypeScript-Jest/projects/job-search/src/components/JobSearch/Spotlight.vue": {"path":"/Users/ryan/Desktop/Udemy/Vue-TypeScript-Jest/projects/job-search/src/components/JobSearch/Spotlight.vue","statementMap":{"0":{"start":{"line":10,"column":0},"end":{"line":10,"column":null}},"1":{"start":{"line":11,"column":0},"end":{"line":11,"column":null}},"2":{"start":{"line":12,"column":0},"end":{"line":12,"column":null}},"3":{"start":{"line":21,"column":0},"end":{"line":21,"column":15}},"4":{"start":{"line":23,"column":2},"end":{"line":23,"column":7}},"5":{"start":{"line":24,"column":23},"end":{"line":24,"column":40}},"6":{"start":{"line":26,"column":26},"end":{"line":31,"column":null}},"7":{"start":{"line":26,"column":26},"end":{"line":26,"column":null}},"8":{"start":{"line":27,"column":12},"end":{"line":27,"column":19}},"9":{"start":{"line":28,"column":12},"end":{"line":28,"column":15}},"10":{"start":{"line":29,"column":23},"end":{"line":29,"column":29}},"11":{"start":{"line":29,"column":12},"end":{"line":29,"column":20}},"12":{"start":{"line":30,"column":6},"end":{"line":30,"column":16}},"13":{"start":{"line":33,"column":4},"end":{"line":33,"column":14}},"14":{"start":{"line":33,"column":20},"end":{"line":33,"column":33}},"15":{"start":{"line":35,"column":4},"end":{"line":35,"column":11}}},"fnMap":{"0":{"name":"(anonymous_14)","decl":{"start":{"line":23,"column":2},"end":{"line":23,"column":7}},"loc":{"start":{"line":23,"column":2},"end":{"line":36,"column":null}}},"1":{"name":"(anonymous_15)","decl":{"start":{"line":26,"column":26},"end":{"line":26,"column":null}},"loc":{"start":{"line":26,"column":26},"end":{"line":31,"column":null}}},"2":{"name":"(anonymous_18)","decl":{"start":{"line":33,"column":14},"end":{"line":33,"column":20}},"loc":{"start":{"line":33,"column":14},"end":{"line":33,"column":null}}}},"branchMap":{},"s":{"0":1,"1":1,"2":1,"3":1,"4":3,"5":3,"6":3,"7":3,"8":3,"9":3,"10":3,"11":3,"12":3,"13":3,"14":3,"15":3},"f":{"0":3,"1":6,"2":3},"b":{}}
,"/Users/ryan/Desktop/Udemy/Vue-TypeScript-Jest/projects/job-search/src/components/Shared/Accordion.vue": {"path":"/Users/ryan/Desktop/Udemy/Vue-TypeScript-Jest/projects/job-search/src/components/Shared/Accordion.vue","statementMap":{"0":{"start":{"line":17,"column":0},"end":{"line":17,"column":null}},"1":{"start":{"line":18,"column":0},"end":{"line":18,"column":null}},"2":{"start":{"line":20,"column":0},"end":{"line":20,"column":15}},"3":{"start":{"line":29,"column":19},"end":{"line":29,"column":23}},"4":{"start":{"line":30,"column":22},"end":{"line":30,"column":31}},"5":{"start":{"line":31,"column":6},"end":{"line":31,"column":13}},"6":{"start":{"line":34,"column":17},"end":{"line":36,"column":null}},"7":{"start":{"line":35,"column":6},"end":{"line":35,"column":12}},"8":{"start":{"line":37,"column":4},"end":{"line":37,"column":11}}},"fnMap":{"0":{"name":"(anonymous_0)","decl":{"start":{"line":28,"column":7},"end":{"line":28,"column":null}},"loc":{"start":{"line":28,"column":7},"end":{"line":38,"column":null}}},"1":{"name":"(anonymous_1)","decl":{"start":{"line":30,"column":31},"end":{"line":30,"column":null}},"loc":{"start":{"line":30,"column":31},"end":{"line":32,"column":null}}},"2":{"name":"(anonymous_2)","decl":{"start":{"line":34,"column":17},"end":{"line":34,"column":null}},"loc":{"start":{"line":34,"column":17},"end":{"line":36,"column":null}}}},"branchMap":{"0":{"loc":{"start":{"line":31,"column":13},"end":{"line":31,"column":51}},"type":"cond-expr","locations":[{"start":{"line":31,"column":28},"end":{"line":31,"column":29}},{"start":{"line":31,"column":50},"end":{"line":31,"column":51}}]}},"s":{"0":3,"1":3,"2":3,"3":5,"4":5,"5":10,"6":5,"7":5,"8":5},"f":{"0":5,"1":10,"2":5},"b":{"0":[5,5]}}
,"/Users/ryan/Desktop/Udemy/Vue-TypeScript-Jest/projects/job-search/src/components/Shared/ActionButton.vue": {"path":"/Users/ryan/Desktop/Udemy/Vue-TypeScript-Jest/projects/job-search/src/components/Shared/ActionButton.vue","statementMap":{"0":{"start":{"line":8,"column":0},"end":{"line":8,"column":null}},"1":{"start":{"line":9,"column":0},"end":{"line":9,"column":null}},"2":{"start":{"line":11,"column":0},"end":{"line":11,"column":15}},"3":{"start":{"line":24,"column":8},"end":{"line":24,"column":15}},"4":{"start":{"line":29,"column":21},"end":{"line":29,"column":null}},"5":{"start":{"line":30,"column":24},"end":{"line":30,"column":33}},"6":{"start":{"line":31,"column":6},"end":{"line":31,"column":null}},"7":{"start":{"line":36,"column":4},"end":{"line":36,"column":11}}},"fnMap":{"0":{"name":"(anonymous_0)","decl":{"start":{"line":22,"column":17},"end":{"line":22,"column":18}},"loc":{"start":{"line":22,"column":31},"end":{"line":25,"column":null}}},"1":{"name":"(anonymous_1)","decl":{"start":{"line":28,"column":7},"end":{"line":28,"column":8}},"loc":{"start":{"line":28,"column":13},"end":{"line":37,"column":null}}},"2":{"name":"(anonymous_2)","decl":{"start":{"line":30,"column":33},"end":{"line":30,"column":null}},"loc":{"start":{"line":30,"column":33},"end":{"line":34,"column":null}}}},"branchMap":{},"s":{"0":4,"1":4,"2":4,"3":9,"4":3,"5":3,"6":0,"7":3},"f":{"0":9,"1":3,"2":0},"b":{}}
,"/Users/ryan/Desktop/Udemy/Vue-TypeScript-Jest/projects/job-search/src/components/Shared/HeaderContainer.vue": {"path":"/Users/ryan/Desktop/Udemy/Vue-TypeScript-Jest/projects/job-search/src/components/Shared/HeaderContainer.vue","statementMap":{"0":{"start":{"line":11,"column":0},"end":{"line":11,"column":null}},"1":{"start":{"line":13,"column":0},"end":{"line":13,"column":15}}},"fnMap":{},"branchMap":{},"s":{"0":1,"1":1},"f":{},"b":{}}
,"/Users/ryan/Desktop/Udemy/Vue-TypeScript-Jest/projects/job-search/src/components/Shared/TextInput.vue": {"path":"/Users/ryan/Desktop/Udemy/Vue-TypeScript-Jest/projects/job-search/src/components/Shared/TextInput.vue","statementMap":{"0":{"start":{"line":11,"column":0},"end":{"line":11,"column":null}},"1":{"start":{"line":13,"column":0},"end":{"line":13,"column":15}},"2":{"start":{"line":29,"column":21},"end":{"line":29,"column":null}},"3":{"start":{"line":30,"column":6},"end":{"line":30,"column":11}}},"fnMap":{"0":{"name":"(anonymous_0)","decl":{"start":{"line":28,"column":4},"end":{"line":28,"column":15}},"loc":{"start":{"line":28,"column":29},"end":{"line":31,"column":null}}}},"branchMap":{},"s":{"0":2,"1":2,"2":5,"3":5},"f":{"0":5},"b":{}}
,"/Users/ryan/Desktop/Udemy/Vue-TypeScript-Jest/projects/job-search/src/components/navigation/MainNav.vue": {"path":"/Users/ryan/Desktop/Udemy/Vue-TypeScript-Jest/projects/job-search/src/components/navigation/MainNav.vue","statementMap":{"0":{"start":{"line":40,"column":0},"end":{"line":40,"column":null}},"1":{"start":{"line":41,"column":0},"end":{"line":41,"column":null}},"2":{"start":{"line":43,"column":0},"end":{"line":43,"column":null}},"3":{"start":{"line":44,"column":0},"end":{"line":44,"column":null}},"4":{"start":{"line":45,"column":0},"end":{"line":45,"column":null}},"5":{"start":{"line":46,"column":0},"end":{"line":46,"column":null}},"6":{"start":{"line":48,"column":0},"end":{"line":48,"column":15}},"7":{"start":{"line":56,"column":4},"end":{"line":56,"column":11}},"8":{"start":{"line":69,"column":6},"end":{"line":69,"column":13}}},"fnMap":{"0":{"name":"(anonymous_3)","decl":{"start":{"line":55,"column":6},"end":{"line":55,"column":null}},"loc":{"start":{"line":55,"column":6},"end":{"line":66,"column":null}}},"1":{"name":"(anonymous_4)","decl":{"start":{"line":68,"column":21},"end":{"line":68,"column":null}},"loc":{"start":{"line":68,"column":21},"end":{"line":70,"column":null}}}},"branchMap":{"0":{"loc":{"start":{"line":69,"column":13},"end":{"line":69,"column":null}},"type":"cond-expr","locations":[{"start":{"line":69,"column":31},"end":{"line":69,"column":46}},{"start":{"line":69,"column":46},"end":{"line":69,"column":null}}]}},"s":{"0":1,"1":1,"2":1,"3":1,"4":1,"5":1,"6":1,"7":6,"8":6},"f":{"0":6,"1":6},"b":{"0":[2,4]}}
,"/Users/ryan/Desktop/Udemy/Vue-TypeScript-Jest/projects/job-search/src/components/navigation/ProfileImage.vue": {"path":"/Users/ryan/Desktop/Udemy/Vue-TypeScript-Jest/projects/job-search/src/components/navigation/ProfileImage.vue","statementMap":{"0":{"start":{"line":6,"column":0},"end":{"line":6,"column":null}},"1":{"start":{"line":7,"column":0},"end":{"line":7,"column":null}},"2":{"start":{"line":9,"column":0},"end":{"line":9,"column":15}},"3":{"start":{"line":12,"column":6},"end":{"line":12,"column":13}}},"fnMap":{"0":{"name":"(anonymous_1)","decl":{"start":{"line":11,"column":18},"end":{"line":11,"column":null}},"loc":{"start":{"line":11,"column":18},"end":{"line":13,"column":null}}}},"branchMap":{},"s":{"0":2,"1":2,"2":2,"3":1},"f":{"0":1},"b":{}}
,"/Users/ryan/Desktop/Udemy/Vue-TypeScript-Jest/projects/job-search/src/components/navigation/Subnav.vue": {"path":"/Users/ryan/Desktop/Udemy/Vue-TypeScript-Jest/projects/job-search/src/components/navigation/Subnav.vue","statementMap":{"0":{"start":{"line":16,"column":0},"end":{"line":16,"column":null}},"1":{"start":{"line":17,"column":0},"end":{"line":17,"column":null}},"2":{"start":{"line":19,"column":0},"end":{"line":19,"column":null}},"3":{"start":{"line":21,"column":0},"end":{"line":21,"column":15}},"4":{"start":{"line":24,"column":26},"end":{"line":24,"column":null}},"5":{"start":{"line":25,"column":29},"end":{"line":25,"column":45}},"6":{"start":{"line":26,"column":4},"end":{"line":26,"column":11}}},"fnMap":{"0":{"name":"(anonymous_1)","decl":{"start":{"line":23,"column":7},"end":{"line":23,"column":null}},"loc":{"start":{"line":23,"column":7},"end":{"line":27,"column":null}}}},"branchMap":{},"s":{"0":2,"1":2,"2":2,"3":2,"4":3,"5":3,"6":3},"f":{"0":3},"b":{}}
,"/Users/ryan/Desktop/Udemy/Vue-TypeScript-Jest/projects/job-search/src/composables/useConfirmRoute.ts": {"path":"/Users/ryan/Desktop/Udemy/Vue-TypeScript-Jest/projects/job-search/src/composables/useConfirmRoute.ts","statementMap":{"0":{"start":{"line":1,"column":0},"end":{"line":1,"column":null}},"1":{"start":{"line":2,"column":0},"end":{"line":2,"column":null}},"2":{"start":{"line":4,"column":25},"end":{"line":7,"column":null}},"3":{"start":{"line":5,"column":16},"end":{"line":5,"column":null}},"4":{"start":{"line":6,"column":2},"end":{"line":6,"column":9}},"5":{"start":{"line":6,"column":24},"end":{"line":6,"column":null}},"6":{"start":{"line":9,"column":0},"end":{"line":9,"column":15}}},"fnMap":{"0":{"name":"(anonymous_0)","decl":{"start":{"line":4,"column":25},"end":{"line":4,"column":46}},"loc":{"start":{"line":4,"column":46},"end":{"line":7,"column":null}}},"1":{"name":"(anonymous_1)","decl":{"start":{"line":6,"column":18},"end":{"line":6,"column":24}},"loc":{"start":{"line":6,"column":24},"end":{"line":6,"column":null}}}},"branchMap":{},"s":{"0":3,"1":3,"2":3,"3":1,"4":1,"5":1,"6":3},"f":{"0":1,"1":1},"b":{}}
,"/Users/ryan/Desktop/Udemy/Vue-TypeScript-Jest/projects/job-search/src/composables/useCurrentPage.ts": {"path":"/Users/ryan/Desktop/Udemy/Vue-TypeScript-Jest/projects/job-search/src/composables/useCurrentPage.ts","statementMap":{"0":{"start":{"line":1,"column":0},"end":{"line":1,"column":null}},"1":{"start":{"line":2,"column":0},"end":{"line":2,"column":null}},"2":{"start":{"line":4,"column":23},"end":{"line":8,"column":null}},"3":{"start":{"line":5,"column":16},"end":{"line":5,"column":null}},"4":{"start":{"line":6,"column":15},"end":{"line":6,"column":null}},"5":{"start":{"line":7,"column":2},"end":{"line":7,"column":9}},"6":{"start":{"line":7,"column":24},"end":{"line":7,"column":30}},"7":{"start":{"line":10,"column":0},"end":{"line":10,"column":15}}},"fnMap":{"0":{"name":"(anonymous_0)","decl":{"start":{"line":4,"column":23},"end":{"line":4,"column":28}},"loc":{"start":{"line":4,"column":28},"end":{"line":8,"column":null}}},"1":{"name":"(anonymous_1)","decl":{"start":{"line":7,"column":18},"end":{"line":7,"column":24}},"loc":{"start":{"line":7,"column":24},"end":{"line":7,"column":30}}}},"branchMap":{"0":{"loc":{"start":{"line":7,"column":40},"end":{"line":7,"column":null}},"type":"binary-expr","locations":[{"start":{"line":7,"column":40},"end":{"line":7,"column":44}},{"start":{"line":7,"column":48},"end":{"line":7,"column":null}}]}},"s":{"0":2,"1":2,"2":2,"3":2,"4":2,"5":2,"6":2,"7":2},"f":{"0":2,"1":2},"b":{"0":[2,1]}}
,"/Users/ryan/Desktop/Udemy/Vue-TypeScript-Jest/projects/job-search/src/composables/usePreviousAndNextPages.ts": {"path":"/Users/ryan/Desktop/Udemy/Vue-TypeScript-Jest/projects/job-search/src/composables/usePreviousAndNextPages.ts","statementMap":{"0":{"start":{"line":1,"column":0},"end":{"line":1,"column":null}},"1":{"start":{"line":7,"column":32},"end":{"line":23,"column":null}},"2":{"start":{"line":11,"column":23},"end":{"line":11,"column":32}},"3":{"start":{"line":12,"column":25},"end":{"line":12,"column":null}},"4":{"start":{"line":13,"column":22},"end":{"line":13,"column":null}},"5":{"start":{"line":14,"column":4},"end":{"line":14,"column":11}},"6":{"start":{"line":17,"column":19},"end":{"line":17,"column":28}},"7":{"start":{"line":18,"column":21},"end":{"line":18,"column":null}},"8":{"start":{"line":19,"column":4},"end":{"line":19,"column":11}},"9":{"start":{"line":22,"column":2},"end":{"line":22,"column":9}},"10":{"start":{"line":25,"column":0},"end":{"line":25,"column":15}}},"fnMap":{"0":{"name":"(anonymous_0)","decl":{"start":{"line":7,"column":32},"end":{"line":7,"column":null}},"loc":{"start":{"line":10,"column":4},"end":{"line":23,"column":null}}},"1":{"name":"(anonymous_1)","decl":{"start":{"line":11,"column":32},"end":{"line":11,"column":37}},"loc":{"start":{"line":11,"column":37},"end":{"line":15,"column":null}}},"2":{"name":"(anonymous_2)","decl":{"start":{"line":17,"column":28},"end":{"line":17,"column":33}},"loc":{"start":{"line":17,"column":33},"end":{"line":20,"column":null}}}},"branchMap":{"0":{"loc":{"start":{"line":14,"column":11},"end":{"line":14,"column":null}},"type":"cond-expr","locations":[{"start":{"line":14,"column":39},"end":{"line":14,"column":54}},{"start":{"line":14,"column":54},"end":{"line":14,"column":null}}]},"1":{"loc":{"start":{"line":19,"column":11},"end":{"line":19,"column":null}},"type":"cond-expr","locations":[{"start":{"line":19,"column":39},"end":{"line":19,"column":50}},{"start":{"line":19,"column":50},"end":{"line":19,"column":null}}]}},"s":{"0":2,"1":2,"2":4,"3":2,"4":2,"5":2,"6":4,"7":2,"8":2,"9":4,"10":2},"f":{"0":4,"1":2,"2":2},"b":{"0":[1,1],"1":[1,1]}}
,"/Users/ryan/Desktop/Udemy/Vue-TypeScript-Jest/projects/job-search/src/store/actions.ts": {"path":"/Users/ryan/Desktop/Udemy/Vue-TypeScript-Jest/projects/job-search/src/store/actions.ts","statementMap":{"0":{"start":{"line":1,"column":0},"end":{"line":1,"column":null}},"1":{"start":{"line":7,"column":0},"end":{"line":7,"column":null}},"2":{"start":{"line":8,"column":0},"end":{"line":8,"column":null}},"3":{"start":{"line":17,"column":16},"end":{"line":17,"column":null}},"4":{"start":{"line":19,"column":24},"end":{"line":19,"column":null}},"5":{"start":{"line":20,"column":4},"end":{"line":20,"column":11}},"6":{"start":{"line":23,"column":27},"end":{"line":23,"column":null}},"7":{"start":{"line":24,"column":4},"end":{"line":24,"column":11}},"8":{"start":{"line":28,"column":0},"end":{"line":28,"column":15}}},"fnMap":{"0":{"name":"(anonymous_1)","decl":{"start":{"line":18,"column":16},"end":{"line":18,"column":23}},"loc":{"start":{"line":18,"column":43},"end":{"line":21,"column":null}}},"1":{"name":"(anonymous_2)","decl":{"start":{"line":22,"column":19},"end":{"line":22,"column":26}},"loc":{"start":{"line":22,"column":46},"end":{"line":25,"column":null}}}},"branchMap":{},"s":{"0":8,"1":8,"2":8,"3":8,"4":2,"5":2,"6":2,"7":2,"8":8},"f":{"0":2,"1":2},"b":{}}
,"/Users/ryan/Desktop/Udemy/Vue-TypeScript-Jest/projects/job-search/src/store/composables.ts": {"path":"/Users/ryan/Desktop/Udemy/Vue-TypeScript-Jest/projects/job-search/src/store/composables.ts","statementMap":{"0":{"start":{"line":1,"column":0},"end":{"line":1,"column":null}},"1":{"start":{"line":2,"column":0},"end":{"line":2,"column":null}},"2":{"start":{"line":3,"column":0},"end":{"line":3,"column":null}},"3":{"start":{"line":5,"column":0},"end":{"line":5,"column":null}},"4":{"start":{"line":15,"column":31},"end":{"line":18,"column":null}},"5":{"start":{"line":16,"column":16},"end":{"line":16,"column":25}},"6":{"start":{"line":17,"column":2},"end":{"line":17,"column":9}},"7":{"start":{"line":17,"column":31},"end":{"line":17,"column":36}},"8":{"start":{"line":15,"column":13},"end":{"line":15,"column":28}},"9":{"start":{"line":20,"column":33},"end":{"line":23,"column":null}},"10":{"start":{"line":21,"column":16},"end":{"line":21,"column":25}},"11":{"start":{"line":22,"column":2},"end":{"line":22,"column":9}},"12":{"start":{"line":22,"column":37},"end":{"line":22,"column":42}},"13":{"start":{"line":20,"column":13},"end":{"line":20,"column":30}},"14":{"start":{"line":25,"column":38},"end":{"line":28,"column":null}},"15":{"start":{"line":26,"column":16},"end":{"line":26,"column":25}},"16":{"start":{"line":27,"column":2},"end":{"line":27,"column":9}},"17":{"start":{"line":27,"column":37},"end":{"line":27,"column":42}},"18":{"start":{"line":25,"column":13},"end":{"line":25,"column":35}},"19":{"start":{"line":31,"column":36},"end":{"line":34,"column":null}},"20":{"start":{"line":32,"column":16},"end":{"line":32,"column":25}},"21":{"start":{"line":33,"column":2},"end":{"line":33,"column":7}},"22":{"start":{"line":31,"column":13},"end":{"line":31,"column":33}}},"fnMap":{"0":{"name":"(anonymous_0)","decl":{"start":{"line":15,"column":31},"end":{"line":15,"column":36}},"loc":{"start":{"line":15,"column":36},"end":{"line":18,"column":null}}},"1":{"name":"(anonymous_1)","decl":{"start":{"line":17,"column":25},"end":{"line":17,"column":31}},"loc":{"start":{"line":17,"column":31},"end":{"line":17,"column":36}}},"2":{"name":"(anonymous_2)","decl":{"start":{"line":20,"column":33},"end":{"line":20,"column":38}},"loc":{"start":{"line":20,"column":38},"end":{"line":23,"column":null}}},"3":{"name":"(anonymous_3)","decl":{"start":{"line":22,"column":31},"end":{"line":22,"column":37}},"loc":{"start":{"line":22,"column":37},"end":{"line":22,"column":42}}},"4":{"name":"(anonymous_4)","decl":{"start":{"line":25,"column":38},"end":{"line":25,"column":43}},"loc":{"start":{"line":25,"column":43},"end":{"line":28,"column":null}}},"5":{"name":"(anonymous_5)","decl":{"start":{"line":27,"column":31},"end":{"line":27,"column":37}},"loc":{"start":{"line":27,"column":37},"end":{"line":27,"column":42}}},"6":{"name":"(anonymous_6)","decl":{"start":{"line":31,"column":36},"end":{"line":31,"column":41}},"loc":{"start":{"line":31,"column":41},"end":{"line":34,"column":null}}}},"branchMap":{},"s":{"0":5,"1":5,"2":5,"3":5,"4":5,"5":1,"6":1,"7":1,"8":5,"9":5,"10":1,"11":1,"12":1,"13":5,"14":5,"15":1,"16":1,"17":1,"18":5,"19":5,"20":1,"21":1,"22":5},"f":{"0":1,"1":1,"2":1,"3":1,"4":1,"5":1,"6":1},"b":{}}
,"/Users/ryan/Desktop/Udemy/Vue-TypeScript-Jest/projects/job-search/src/store/constants.ts": {"path":"/Users/ryan/Desktop/Udemy/Vue-TypeScript-Jest/projects/job-search/src/store/constants.ts","statementMap":{"0":{"start":{"line":1,"column":0},"end":{"line":1,"column":null}},"1":{"start":{"line":2,"column":13},"end":{"line":2,"column":26}},"2":{"start":{"line":5,"column":13},"end":{"line":5,"column":28}},"3":{"start":{"line":6,"column":13},"end":{"line":6,"column":26}},"4":{"start":{"line":7,"column":13},"end":{"line":7,"column":27}},"5":{"start":{"line":10,"column":13},"end":{"line":10,"column":36}},"6":{"start":{"line":11,"column":13},"end":{"line":11,"column":42}},"7":{"start":{"line":12,"column":13},"end":{"line":12,"column":43}},"8":{"start":{"line":15,"column":13},"end":{"line":15,"column":32}},"9":{"start":{"line":16,"column":13},"end":{"line":16,"column":38}},"10":{"start":{"line":17,"column":13},"end":{"line":17,"column":39}},"11":{"start":{"line":20,"column":13},"end":{"line":20,"column":31}},"12":{"start":{"line":21,"column":13},"end":{"line":21,"column":29}},"13":{"start":{"line":22,"column":13},"end":{"line":22,"column":30}},"14":{"start":{"line":23,"column":13},"end":{"line":23,"column":37}}},"fnMap":{},"branchMap":{},"s":{"0":10,"1":10,"2":10,"3":10,"4":10,"5":10,"6":10,"7":10,"8":10,"9":10,"10":10,"11":10,"12":10,"13":10,"14":10},"f":{},"b":{}}
,"/Users/ryan/Desktop/Udemy/Vue-TypeScript-Jest/projects/job-search/src/store/getters.ts": {"path":"/Users/ryan/Desktop/Udemy/Vue-TypeScript-Jest/projects/job-search/src/store/getters.ts","statementMap":{"0":{"start":{"line":1,"column":0},"end":{"line":1,"column":null}},"1":{"start":{"line":19,"column":16},"end":{"line":19,"column":null}},"2":{"start":{"line":21,"column":32},"end":{"line":21,"column":36}},"3":{"start":{"line":22,"column":4},"end":{"line":22,"column":9}},"4":{"start":{"line":22,"column":32},"end":{"line":22,"column":51}},"5":{"start":{"line":23,"column":4},"end":{"line":23,"column":11}},"6":{"start":{"line":26,"column":27},"end":{"line":26,"column":31}},"7":{"start":{"line":27,"column":4},"end":{"line":27,"column":9}},"8":{"start":{"line":27,"column":32},"end":{"line":27,"column":46}},"9":{"start":{"line":28,"column":4},"end":{"line":28,"column":11}},"10":{"start":{"line":31,"column":4},"end":{"line":31,"column":11}},"11":{"start":{"line":31,"column":41},"end":{"line":31,"column":null}},"12":{"start":{"line":33,"column":58},"end":{"line":36,"column":null}},"13":{"start":{"line":34,"column":4},"end":{"line":34,"column":57}},"14":{"start":{"line":34,"column":50},"end":{"line":34,"column":57}},"15":{"start":{"line":35,"column":4},"end":{"line":35,"column":11}},"16":{"start":{"line":37,"column":54},"end":{"line":40,"column":null}},"17":{"start":{"line":38,"column":4},"end":{"line":38,"column":52}},"18":{"start":{"line":38,"column":45},"end":{"line":38,"column":52}},"19":{"start":{"line":39,"column":4},"end":{"line":39,"column":11}},"20":{"start":{"line":41,"column":52},"end":{"line":44,"column":null}},"21":{"start":{"line":42,"column":4},"end":{"line":42,"column":51}},"22":{"start":{"line":42,"column":44},"end":{"line":42,"column":51}},"23":{"start":{"line":43,"column":4},"end":{"line":43,"column":11}},"24":{"start":{"line":46,"column":4},"end":{"line":46,"column":11}},"25":{"start":{"line":47,"column":23},"end":{"line":47,"column":30}},"26":{"start":{"line":48,"column":23},"end":{"line":48,"column":30}},"27":{"start":{"line":52,"column":0},"end":{"line":52,"column":15}}},"fnMap":{"0":{"name":"(anonymous_0)","decl":{"start":{"line":20,"column":2},"end":{"line":20,"column":3}},"loc":{"start":{"line":20,"column":43},"end":{"line":24,"column":null}}},"1":{"name":"(anonymous_1)","decl":{"start":{"line":22,"column":24},"end":{"line":22,"column":32}},"loc":{"start":{"line":22,"column":32},"end":{"line":22,"column":51}}},"2":{"name":"(anonymous_2)","decl":{"start":{"line":25,"column":2},"end":{"line":25,"column":3}},"loc":{"start":{"line":25,"column":39},"end":{"line":29,"column":null}}},"3":{"name":"(anonymous_3)","decl":{"start":{"line":27,"column":24},"end":{"line":27,"column":32}},"loc":{"start":{"line":27,"column":32},"end":{"line":27,"column":46}}},"4":{"name":"(anonymous_4)","decl":{"start":{"line":30,"column":2},"end":{"line":30,"column":3}},"loc":{"start":{"line":30,"column":37},"end":{"line":32,"column":null}}},"5":{"name":"(anonymous_5)","decl":{"start":{"line":31,"column":30},"end":{"line":31,"column":41}},"loc":{"start":{"line":31,"column":41},"end":{"line":31,"column":null}}},"6":{"name":"(anonymous_6)","decl":{"start":{"line":33,"column":34},"end":{"line":33,"column":57}},"loc":{"start":{"line":33,"column":58},"end":{"line":36,"column":null}}},"7":{"name":"(anonymous_7)","decl":{"start":{"line":33,"column":58},"end":{"line":33,"column":70}},"loc":{"start":{"line":33,"column":70},"end":{"line":36,"column":null}}},"8":{"name":"(anonymous_8)","decl":{"start":{"line":37,"column":30},"end":{"line":37,"column":53}},"loc":{"start":{"line":37,"column":54},"end":{"line":40,"column":null}}},"9":{"name":"(anonymous_9)","decl":{"start":{"line":37,"column":54},"end":{"line":37,"column":66}},"loc":{"start":{"line":37,"column":66},"end":{"line":40,"column":null}}},"10":{"name":"(anonymous_10)","decl":{"start":{"line":41,"column":28},"end":{"line":41,"column":51}},"loc":{"start":{"line":41,"column":52},"end":{"line":44,"column":null}}},"11":{"name":"(anonymous_11)","decl":{"start":{"line":41,"column":52},"end":{"line":41,"column":70}},"loc":{"start":{"line":41,"column":70},"end":{"line":44,"column":null}}},"12":{"name":"(anonymous_12)","decl":{"start":{"line":45,"column":2},"end":{"line":45,"column":3}},"loc":{"start":{"line":45,"column":62},"end":{"line":49,"column":null}}},"13":{"name":"(anonymous_13)","decl":{"start":{"line":47,"column":15},"end":{"line":47,"column":23}},"loc":{"start":{"line":47,"column":23},"end":{"line":47,"column":30}}},"14":{"name":"(anonymous_14)","decl":{"start":{"line":48,"column":15},"end":{"line":48,"column":23}},"loc":{"start":{"line":48,"column":23},"end":{"line":48,"column":30}}}},"branchMap":{"0":{"loc":{"start":{"line":34,"column":4},"end":{"line":34,"column":57}},"type":"if","locations":[{"start":{"line":34,"column":4},"end":{"line":34,"column":57}}]},"1":{"loc":{"start":{"line":38,"column":4},"end":{"line":38,"column":52}},"type":"if","locations":[{"start":{"line":38,"column":4},"end":{"line":38,"column":52}}]},"2":{"loc":{"start":{"line":42,"column":4},"end":{"line":42,"column":51}},"type":"if","locations":[{"start":{"line":42,"column":4},"end":{"line":42,"column":51}}]}},"s":{"0":8,"1":8,"2":1,"3":1,"4":3,"5":1,"6":1,"7":1,"8":3,"9":1,"10":1,"11":2,"12":2,"13":2,"14":1,"15":1,"16":3,"17":3,"18":2,"19":1,"20":2,"21":2,"22":1,"23":1,"24":1,"25":1,"26":1,"27":8},"f":{"0":1,"1":3,"2":1,"3":3,"4":1,"5":2,"6":2,"7":2,"8":3,"9":3,"10":2,"11":2,"12":1,"13":1,"14":1},"b":{"0":[1],"1":[2],"2":[1]}}
,"/Users/ryan/Desktop/Udemy/Vue-TypeScript-Jest/projects/job-search/src/store/index.ts": {"path":"/Users/ryan/Desktop/Udemy/Vue-TypeScript-Jest/projects/job-search/src/store/index.ts","statementMap":{"0":{"start":{"line":2,"column":0},"end":{"line":2,"column":null}},"1":{"start":{"line":4,"column":0},"end":{"line":4,"column":null}},"2":{"start":{"line":5,"column":0},"end":{"line":5,"column":null}},"3":{"start":{"line":6,"column":0},"end":{"line":6,"column":null}},"4":{"start":{"line":7,"column":0},"end":{"line":7,"column":null}},"5":{"start":{"line":10,"column":13},"end":{"line":10,"column":53}},"6":{"start":{"line":12,"column":14},"end":{"line":12,"column":39}},"7":{"start":{"line":20,"column":0},"end":{"line":20,"column":15}}},"fnMap":{},"branchMap":{},"s":{"0":7,"1":7,"2":7,"3":7,"4":7,"5":7,"6":7,"7":7},"f":{},"b":{}}
,"/Users/ryan/Desktop/Udemy/Vue-TypeScript-Jest/projects/job-search/src/store/mutations.ts": {"path":"/Users/ryan/Desktop/Udemy/Vue-TypeScript-Jest/projects/job-search/src/store/mutations.ts","statementMap":{"0":{"start":{"line":1,"column":0},"end":{"line":1,"column":null}},"1":{"start":{"line":12,"column":18},"end":{"line":12,"column":null}},"2":{"start":{"line":14,"column":4},"end":{"line":14,"column":9}},"3":{"start":{"line":17,"column":4},"end":{"line":17,"column":9}},"4":{"start":{"line":20,"column":4},"end":{"line":20,"column":9}},"5":{"start":{"line":23,"column":4},"end":{"line":23,"column":9}},"6":{"start":{"line":26,"column":4},"end":{"line":26,"column":9}},"7":{"start":{"line":30,"column":0},"end":{"line":30,"column":15}}},"fnMap":{"0":{"name":"(anonymous_0)","decl":{"start":{"line":13,"column":2},"end":{"line":13,"column":3}},"loc":{"start":{"line":13,"column":33},"end":{"line":15,"column":null}}},"1":{"name":"(anonymous_1)","decl":{"start":{"line":16,"column":2},"end":{"line":16,"column":3}},"loc":{"start":{"line":16,"column":48},"end":{"line":18,"column":null}}},"2":{"name":"(anonymous_2)","decl":{"start":{"line":19,"column":2},"end":{"line":19,"column":3}},"loc":{"start":{"line":19,"column":57},"end":{"line":21,"column":null}}},"3":{"name":"(anonymous_3)","decl":{"start":{"line":22,"column":2},"end":{"line":22,"column":3}},"loc":{"start":{"line":22,"column":74},"end":{"line":24,"column":null}}},"4":{"name":"(anonymous_4)","decl":{"start":{"line":25,"column":2},"end":{"line":25,"column":3}},"loc":{"start":{"line":25,"column":65},"end":{"line":27,"column":null}}}},"branchMap":{},"s":{"0":8,"1":8,"2":1,"3":1,"4":1,"5":1,"6":1,"7":8},"f":{"0":1,"1":1,"2":1,"3":1,"4":1},"b":{}}
,"/Users/ryan/Desktop/Udemy/Vue-TypeScript-Jest/projects/job-search/src/store/state.ts": {"path":"/Users/ryan/Desktop/Udemy/Vue-TypeScript-Jest/projects/job-search/src/store/state.ts","statementMap":{"0":{"start":{"line":3,"column":14},"end":{"line":12,"column":null}},"1":{"start":{"line":4,"column":2},"end":{"line":4,"column":9}},"2":{"start":{"line":14,"column":0},"end":{"line":14,"column":15}}},"fnMap":{"0":{"name":"(anonymous_0)","decl":{"start":{"line":3,"column":14},"end":{"line":3,"column":32}},"loc":{"start":{"line":3,"column":32},"end":{"line":12,"column":null}}}},"branchMap":{},"s":{"0":11,"1":27,"2":11},"f":{"0":27},"b":{}}
,"/Users/ryan/Desktop/Udemy/Vue-TypeScript-Jest/projects/job-search/src/utils/nextElementInList.ts": {"path":"/Users/ryan/Desktop/Udemy/Vue-TypeScript-Jest/projects/job-search/src/utils/nextElementInList.ts","statementMap":{"0":{"start":{"line":1,"column":26},"end":{"line":7,"column":null}},"1":{"start":{"line":2,"column":28},"end":{"line":2,"column":32}},"2":{"start":{"line":3,"column":24},"end":{"line":3,"column":null}},"3":{"start":{"line":4,"column":20},"end":{"line":4,"column":25}},"4":{"start":{"line":6,"column":2},"end":{"line":6,"column":9}},"5":{"start":{"line":9,"column":0},"end":{"line":9,"column":15}}},"fnMap":{"0":{"name":"(anonymous_0)","decl":{"start":{"line":1,"column":26},"end":{"line":1,"column":30}},"loc":{"start":{"line":1,"column":56},"end":{"line":7,"column":null}}}},"branchMap":{},"s":{"0":2,"1":5,"2":5,"3":5,"4":5,"5":2},"f":{"0":5},"b":{}}
,"/Users/ryan/Desktop/Udemy/Vue-TypeScript-Jest/projects/job-search/tests/unit/store/utils.ts": {"path":"/Users/ryan/Desktop/Udemy/Vue-TypeScript-Jest/projects/job-search/tests/unit/store/utils.ts","statementMap":{"0":{"start":{"line":1,"column":0},"end":{"line":1,"column":null}},"1":{"start":{"line":5,"column":28},"end":{"line":8,"column":null}},"2":{"start":{"line":6,"column":23},"end":{"line":6,"column":null}},"3":{"start":{"line":7,"column":2},"end":{"line":7,"column":9}},"4":{"start":{"line":5,"column":13},"end":{"line":5,"column":24}},"5":{"start":{"line":9,"column":25},"end":{"line":9,"column":26}},"6":{"start":{"line":9,"column":62},"end":{"line":9,"column":null}},"7":{"start":{"line":9,"column":13},"end":{"line":9,"column":22}},"8":{"start":{"line":23,"column":28},"end":{"line":23,"column":29}},"9":{"start":{"line":23,"column":71},"end":{"line":23,"column":null}},"10":{"start":{"line":23,"column":13},"end":{"line":23,"column":25}}},"fnMap":{"0":{"name":"(anonymous_1)","decl":{"start":{"line":5,"column":28},"end":{"line":5,"column":73}},"loc":{"start":{"line":5,"column":73},"end":{"line":8,"column":null}}},"1":{"name":"(anonymous_2)","decl":{"start":{"line":9,"column":25},"end":{"line":9,"column":26}},"loc":{"start":{"line":9,"column":62},"end":{"line":9,"column":null}}},"2":{"name":"(anonymous_3)","decl":{"start":{"line":23,"column":28},"end":{"line":23,"column":29}},"loc":{"start":{"line":23,"column":71},"end":{"line":23,"column":null}}}},"branchMap":{"0":{"loc":{"start":{"line":9,"column":26},"end":{"line":9,"column":62}},"type":"default-arg","locations":[{"start":{"line":9,"column":49},"end":{"line":9,"column":62}}]},"1":{"loc":{"start":{"line":23,"column":29},"end":{"line":23,"column":71}},"type":"default-arg","locations":[{"start":{"line":23,"column":55},"end":{"line":23,"column":71}}]}},"s":{"0":3,"1":3,"2":16,"3":16,"4":3,"5":3,"6":21,"7":3,"8":3,"9":3,"10":3},"f":{"0":16,"1":21,"2":3},"b":{"0":[2],"1":[1]}}
}
