TN:
SF:src/api/getJobs.js
FN:3,(anonymous_0)
FNF:1
FNH:1
FNDA:2,(anonymous_0)
DA:3,2
DA:4,2
DA:5,2
DA:7,2
LF:4
LH:4
BRF:0
BRH:0
end_of_record
TN:
SF:src/assets/profile-picture.png
FNF:0
FNH:0
DA:1,2
LF:1
LH:1
BRF:0
BRH:0
end_of_record
TN:
SF:src/components/JobResults/JobListing.vue
FN:54,(anonymous_0)
FNF:1
FNH:1
FNDA:5,(anonymous_0)
DA:45,2
DA:55,5
LF:2
LH:2
BRF:0
BRH:0
end_of_record
TN:
SF:src/components/Shared/Accordion.vue
FN:29,(anonymous_0)
FN:35,(anonymous_1)
FN:40,(anonymous_2)
FNF:3
FNH:3
FNDA:6,(anonymous_0)
FNDA:12,(anonymous_1)
FNDA:6,(anonymous_2)
DA:21,3
DA:30,6
DA:36,12
DA:41,6
LF:4
LH:4
BRDA:36,0,0,6
BRDA:36,0,1,6
BRF:2
BRH:2
end_of_record
TN:
SF:src/components/Shared/ActionButton.vue
FN:19,(anonymous_0)
FN:26,(anonymous_1)
FNF:2
FNH:1
FNDA:7,(anonymous_0)
FNDA:0,(anonymous_1)
DA:8,3
DA:21,7
DA:27,0
LF:3
LH:2
BRF:0
BRH:0
end_of_record
TN:
SF:src/components/Shared/HeaderContainer.vue
FNF:0
FNH:0
DA:11,1
LF:1
LH:1
BRF:0
BRH:0
end_of_record
TN:
SF:src/components/Shared/TextInput.vue
FN:26,(anonymous_0)
FNF:1
FNH:1
FNDA:5,(anonymous_0)
DA:11,2
DA:27,5
LF:2
LH:2
BRF:0
BRH:0
end_of_record
TN:
SF:src/store/actions.js
FN:5,(anonymous_0)
FNF:1
FNH:1
FNDA:2,(anonymous_0)
DA:4,1
DA:6,2
DA:7,2
LF:3
LH:3
BRF:0
BRH:0
end_of_record
TN:
SF:src/store/constants.js
FNF:0
FNH:0
DA:2,8
DA:5,8
DA:6,8
DA:9,8
DA:10,8
DA:11,8
DA:14,8
DA:15,8
DA:16,8
LF:9
LH:9
BRF:0
BRH:0
end_of_record
TN:
SF:src/store/getters.js
FN:9,(anonymous_0)
FN:11,(anonymous_1)
FN:14,(anonymous_2)
FN:18,(anonymous_3)
FN:22,(anonymous_4)
FN:24,(anonymous_5)
FN:27,(anonymous_6)
FN:31,(anonymous_7)
FNF:8
FNH:8
FNDA:1,(anonymous_0)
FNDA:3,(anonymous_1)
FNDA:2,(anonymous_2)
FNDA:3,(anonymous_3)
FNDA:1,(anonymous_4)
FNDA:3,(anonymous_5)
FNDA:1,(anonymous_6)
FNDA:3,(anonymous_7)
DA:8,1
DA:10,1
DA:11,3
DA:12,1
DA:15,2
DA:16,1
DA:18,1
DA:19,3
DA:23,1
DA:24,3
DA:25,1
DA:28,1
DA:29,0
DA:31,1
DA:32,3
LF:15
LH:14
BRDA:15,0,0,1
BRDA:15,0,1,1
BRDA:28,1,0,0
BRDA:28,1,1,1
BRF:4
BRH:3
end_of_record
TN:
SF:src/store/mutations.js
FN:9,(anonymous_0)
FN:12,(anonymous_1)
FN:15,(anonymous_2)
FN:18,(anonymous_3)
FNF:4
FNH:4
FNDA:1,(anonymous_0)
FNDA:1,(anonymous_1)
FNDA:1,(anonymous_2)
FNDA:1,(anonymous_3)
DA:8,1
DA:10,1
DA:13,1
DA:16,1
DA:19,1
LF:5
LH:5
BRF:0
BRH:0
end_of_record
TN:
SF:src/store/state.js
FN:1,(anonymous_0)
FNF:1
FNH:1
FNDA:4,(anonymous_0)
DA:1,1
DA:2,4
LF:2
LH:2
BRF:0
BRH:0
end_of_record
TN:
SF:src/utils/nextElementInList.js
FN:1,(anonymous_0)
FNF:1
FNH:1
FNDA:5,(anonymous_0)
DA:1,2
DA:2,5
DA:3,5
DA:5,5
LF:4
LH:4
BRF:0
BRH:0
end_of_record
